<?xml version="1.0" encoding="UTF-8"?>
<!-- Generated by org.testng.reporters.JUnitReportReporter -->
<testsuite hostname="DESKTOP-487IQB8" failures="0" tests="2" name="common.AssertConcept" time="0.012" errors="0" timestamp="2022-01-12T17:10:42 IST" skipped="1">
  <testcase classname="common.AssertConcept" name="softAssert" time="0.012"/>
  <system-out/>
  <testcase classname="common.AssertConcept" name="hardAssert">
    <skipped/>
  </testcase> <!-- hardAssert -->
  <system-out/>
</testsuite> <!-- common.AssertConcept -->
